/bin/bash: ./jobscript.sh: Permission denied

------------------------------------------------------------
Sender: LSF System <lsfadmin@hpc.dtu.dk>
Subject: Job 16641366: <NONAME> in cluster <dcc> Exited

Job <NONAME> was submitted from host <gbarlogin1> by user <s194042> in cluster <dcc> at Thu May  4 00:15:34 2023
Job was executed on host(s) <n-62-31-21>, in queue <hpc>, as user <s194042> in cluster <dcc> at Thu May  4 00:15:35 2023
</zhome/09/6/147344> was used as the home directory.
</work3/s194042/DeepLearningBachelorProject/Code/Image_functions> was used as the working directory.
Started at Thu May  4 00:15:35 2023
Terminated at Thu May  4 00:15:36 2023
Results reported at Thu May  4 00:15:36 2023

Your job looked like:

------------------------------------------------------------
# LSBATCH: User input
jobscript.sh
------------------------------------------------------------

Exited with exit code 126.

Resource usage summary:

    CPU time :                                   0.30 sec.
    Max Memory :                                 -
    Average Memory :                             -
    Total Requested Memory :                     1024.00 MB
    Delta Memory :                               -
    Max Swap :                                   -
    Max Processes :                              -
    Max Threads :                                -
    Run time :                                   81 sec.
    Turnaround time :                            2 sec.

The output (if any) is above this job summary.

